Base path: C:/Program Files/Unity/Editor/Data
Cmd: initializeCompiler
Cmd: compileComputeKernel
  api=4 insize=2487 outsize=457 ok=1
Cmd: initializeCompiler
Cmd: initializeCompiler
Cmd: compileComputeKernel
  api=4 insize=2537 outsize=457 ok=1
Cmd: compileComputeKernel
  api=4 insize=2536 outsize=457 ok=1
Cmd: initializeCompiler
Cmd: compileComputeKernel
  api=4 insize=2538 outsize=457 ok=1
Cmd: initializeCompiler
Cmd: initializeCompiler
Cmd: initializeCompiler
Cmd: initializeCompiler
Cmd: initializeCompiler
Cmd: initializeCompiler
Cmd: initializeCompiler
Cmd: initializeCompiler
Cmd: initializeCompiler
Cmd: initializeCompiler
Cmd: initializeCompiler
Cmd: initializeCompiler
Cmd: initializeCompiler
Cmd: initializeCompiler
Cmd: initializeCompiler
Cmd: initializeCompiler
Cmd: initializeCompiler
Cmd: initializeCompiler
Cmd: initializeCompiler
Cmd: initializeCompiler
Cmd: initializeCompiler
Cmd: initializeCompiler
Cmd: initializeCompiler
Cmd: initializeCompiler
Cmd: initializeCompiler
Cmd: initializeCompiler
Cmd: initializeCompiler
Cmd: initializeCompiler
Cmd: initializeCompiler
Cmd: initializeCompiler
Cmd: initializeCompiler
Cmd: compileComputeKernel
  api=4 insize=2639 outsize=457 ok=1
Cmd: initializeCompiler
Cmd: initializeCompiler
Cmd: initializeCompiler
Cmd: initializeCompiler
Cmd: initializeCompiler
Cmd: compileComputeKernel
  api=4 insize=2640 outsize=1589 ok=1
Cmd: initializeCompiler
Cmd: initializeCompiler
Cmd: initializeCompiler
Cmd: initializeCompiler
Cmd: initializeCompiler
Cmd: initializeCompiler
Cmd: compileComputeKernel
  api=4 insize=2595 outsize=2249 ok=1
Cmd: initializeCompiler
Cmd: initializeCompiler
Cmd: initializeCompiler
Cmd: compileComputeKernel
  api=4 insize=2598 outsize=2093 ok=1
Cmd: initializeCompiler
Cmd: initializeCompiler
Cmd: initializeCompiler
Cmd: initializeCompiler
Cmd: initializeCompiler
Cmd: compileComputeKernel
  api=4 insize=2597 outsize=2269 ok=1
Cmd: initializeCompiler
Cmd: initializeCompiler
Cmd: initializeCompiler
Cmd: initializeCompiler
Cmd: initializeCompiler
Cmd: initializeCompiler
Cmd: initializeCompiler
Cmd: compileComputeKernel
  api=4 insize=2554 outsize=1761 ok=1
Cmd: initializeCompiler
Cmd: initializeCompiler
Cmd: compileComputeKernel
  api=4 insize=2645 outsize=10477 ok=1
Cmd: compileComputeKernel
  api=4 insize=2646 outsize=457 ok=1
Cmd: compileComputeKernel
  api=4 insize=2649 outsize=10457 ok=1
Cmd: compileComputeKernel
  api=4 insize=2654 outsize=10497 ok=1
Cmd: initializeCompiler
Cmd: compileComputeKernel
  api=4 insize=2654 outsize=10497 ok=1
Cmd: initializeCompiler
Cmd: initializeCompiler
Cmd: initializeCompiler
Cmd: initializeCompiler
Cmd: initializeCompiler
Cmd: initializeCompiler
Cmd: initializeCompiler
Cmd: initializeCompiler
Cmd: compileComputeKernel
  api=4 insize=2640 outsize=10353 ok=1
Cmd: compileComputeKernel
  api=4 insize=2641 outsize=457 ok=1
Cmd: compileComputeKernel
  api=4 insize=2641 outsize=10257 ok=1
Cmd: initializeCompiler
Cmd: initializeCompiler
Cmd: initializeCompiler
Cmd: compileComputeKernel
  api=4 insize=2634 outsize=10165 ok=1
Cmd: initializeCompiler
Cmd: compileComputeKernel
  api=4 insize=2635 outsize=10297 ok=1
Cmd: compileComputeKernel
  api=4 insize=2636 outsize=10297 ok=1
Cmd: initializeCompiler
Cmd: initializeCompiler
Cmd: initializeCompiler
Cmd: compileComputeKernel
  api=4 insize=2830 outsize=457 ok=1
Cmd: initializeCompiler
Cmd: compileComputeKernel
  api=4 insize=2837 outsize=457 ok=1
Cmd: initializeCompiler
Cmd: compileComputeKernel
  api=4 insize=2836 outsize=457 ok=1
Cmd: initializeCompiler
Cmd: initializeCompiler
Cmd: initializeCompiler
Cmd: initializeCompiler
Cmd: initializeCompiler
Cmd: initializeCompiler
Cmd: initializeCompiler
Cmd: initializeCompiler
Cmd: initializeCompiler
Cmd: initializeCompiler
Cmd: initializeCompiler
Cmd: initializeCompiler
Cmd: initializeCompiler
Cmd: initializeCompiler
Cmd: initializeCompiler
Cmd: initializeCompiler
Cmd: initializeCompiler
Cmd: initializeCompiler
Cmd: initializeCompiler
Cmd: initializeCompiler
Cmd: initializeCompiler
Cmd: initializeCompiler
Cmd: initializeCompiler
Cmd: initializeCompiler
Cmd: initializeCompiler
Cmd: compileComputeKernel
  api=4 insize=2836 outsize=457 ok=1
Cmd: initializeCompiler
Cmd: initializeCompiler
Cmd: initializeCompiler
Cmd: initializeCompiler
Cmd: initializeCompiler
Cmd: compileComputeKernel
  api=4 insize=2840 outsize=14149 ok=1
Cmd: compileComputeKernel
  api=4 insize=2840 outsize=457 ok=1
Cmd: compileComputeKernel
  api=4 insize=2856 outsize=14253 ok=1
Cmd: initializeCompiler
Cmd: initializeCompiler
Cmd: initializeCompiler
Cmd: compileComputeKernel
  api=4 insize=2842 outsize=14149 ok=1
Cmd: initializeCompiler
Cmd: compileComputeKernel
  api=4 insize=2841 outsize=457 ok=1
Cmd: initializeCompiler
Cmd: compileComputeKernel
  api=4 insize=2856 outsize=14149 ok=1
Cmd: compileComputeKernel
  api=4 insize=2856 outsize=457 ok=1
Cmd: compileComputeKernel
  api=4 insize=2827 outsize=457 ok=1
Cmd: compileComputeKernel
  error: 2 plat 4 at Confetti_RibbonUpdate.compute(34): undeclared identifier 'idHead'
  api=4 insize=2856 outsize=0 ok=0
Cmd: initializeCompiler
Cmd: initializeCompiler
Cmd: initializeCompiler
Cmd: initializeCompiler
Cmd: compileComputeKernel
  api=4 insize=2838 outsize=13809 ok=1
Cmd: initializeCompiler
Cmd: initializeCompiler
Cmd: initializeCompiler
Cmd: initializeCompiler
Cmd: initializeCompiler
Cmd: compileComputeKernel
  api=4 insize=2892 outsize=14037 ok=1
Cmd: compileComputeKernel
  api=4 insize=2892 outsize=14041 ok=1
Cmd: initializeCompiler
Cmd: initializeCompiler
Cmd: compileComputeKernel
  api=4 insize=2910 outsize=457 ok=1
Cmd: compileComputeKernel
  api=4 insize=2909 outsize=457 ok=1
Cmd: compileComputeKernel
  api=4 insize=2923 outsize=457 ok=1
Cmd: initializeCompiler
Cmd: initializeCompiler
Cmd: initializeCompiler
Cmd: initializeCompiler
Cmd: initializeCompiler
Cmd: compileComputeKernel
  api=4 insize=2944 outsize=14209 ok=1
Cmd: initializeCompiler
Cmd: compileComputeKernel
  api=4 insize=2862 outsize=457 ok=1
Cmd: initializeCompiler
Cmd: compileComputeKernel
  api=4 insize=2862 outsize=457 ok=1
Cmd: initializeCompiler
Cmd: initializeCompiler
Cmd: initializeCompiler
Cmd: compileComputeKernel
  api=4 insize=2871 outsize=457 ok=1
Cmd: initializeCompiler
Cmd: initializeCompiler
Cmd: initializeCompiler
Cmd: initializeCompiler
Cmd: compileComputeKernel
  api=4 insize=2870 outsize=14217 ok=1
Cmd: initializeCompiler
Cmd: initializeCompiler
Cmd: initializeCompiler
Cmd: initializeCompiler
Cmd: initializeCompiler
Cmd: initializeCompiler
Cmd: initializeCompiler
Cmd: initializeCompiler
Cmd: initializeCompiler
Cmd: initializeCompiler
Cmd: initializeCompiler
Cmd: initializeCompiler
Cmd: initializeCompiler
Cmd: initializeCompiler
Cmd: initializeCompiler
Cmd: initializeCompiler
Cmd: initializeCompiler
Cmd: initializeCompiler
Cmd: compileComputeKernel
  api=4 insize=2875 outsize=14369 ok=1
Cmd: compileComputeKernel
  api=4 insize=2857 outsize=457 ok=1
Cmd: initializeCompiler
Cmd: initializeCompiler
Cmd: initializeCompiler
Cmd: initializeCompiler
Cmd: initializeCompiler
Cmd: initializeCompiler
Cmd: initializeCompiler
Cmd: initializeCompiler
Cmd: initializeCompiler
Cmd: initializeCompiler
Cmd: initializeCompiler
Cmd: initializeCompiler
Cmd: initializeCompiler
Cmd: initializeCompiler
Cmd: initializeCompiler
Cmd: initializeCompiler
Cmd: initializeCompiler
Cmd: initializeCompiler
Cmd: initializeCompiler
Cmd: initializeCompiler
Cmd: initializeCompiler
Cmd: initializeCompiler
Cmd: initializeCompiler
Cmd: initializeCompiler
Cmd: initializeCompiler
Cmd: compileComputeKernel
  api=4 insize=2840 outsize=14305 ok=1
Cmd: compileComputeKernel
  api=4 insize=2842 outsize=14305 ok=1
Cmd: compileComputeKernel
  api=4 insize=2840 outsize=14305 ok=1
Cmd: initializeCompiler
Cmd: initializeCompiler
Cmd: initializeCompiler
Cmd: initializeCompiler
Cmd: initializeCompiler
Cmd: initializeCompiler
Cmd: initializeCompiler
Cmd: initializeCompiler
Cmd: initializeCompiler
Cmd: initializeCompiler
Cmd: initializeCompiler
Cmd: initializeCompiler
Cmd: initializeCompiler
Cmd: initializeCompiler
Cmd: initializeCompiler
Cmd: initializeCompiler
Cmd: initializeCompiler
Cmd: initializeCompiler
Cmd: initializeCompiler
Cmd: initializeCompiler
Cmd: initializeCompiler
Cmd: initializeCompiler
Cmd: initializeCompiler
Cmd: initializeCompiler
Cmd: initializeCompiler
Cmd: initializeCompiler
Cmd: initializeCompiler
Cmd: initializeCompiler
Cmd: initializeCompiler
Cmd: compileComputeKernel
  api=4 insize=2949 outsize=457 ok=1
Cmd: initializeCompiler
Cmd: initializeCompiler
Cmd: initializeCompiler
Cmd: initializeCompiler
Cmd: initializeCompiler
Cmd: initializeCompiler
Cmd: initializeCompiler
Cmd: initializeCompiler
Cmd: initializeCompiler
Cmd: initializeCompiler
Cmd: initializeCompiler
Cmd: initializeCompiler
Cmd: initializeCompiler
Cmd: initializeCompiler
Cmd: initializeCompiler
Cmd: initializeCompiler
Cmd: initializeCompiler
Cmd: initializeCompiler
Cmd: initializeCompiler
Cmd: compileComputeKernel
  api=4 insize=2856 outsize=457 ok=1
Cmd: compileComputeKernel
  api=4 insize=2954 outsize=457 ok=1
Cmd: compileComputeKernel
  api=4 insize=2956 outsize=457 ok=1
Cmd: initializeCompiler
Cmd: initializeCompiler
Cmd: initializeCompiler
Cmd: initializeCompiler
Cmd: initializeCompiler
Cmd: compileComputeKernel
  api=4 insize=2973 outsize=14901 ok=1
Cmd: compileComputeKernel
  api=4 insize=2958 outsize=457 ok=1
Cmd: compileComputeKernel
  api=4 insize=2958 outsize=457 ok=1
Cmd: compileComputeKernel
  api=4 insize=2940 outsize=457 ok=1
Cmd: compileComputeKernel
  api=4 insize=2940 outsize=14809 ok=1
Cmd: compileComputeKernel
  api=4 insize=2940 outsize=14809 ok=1
Cmd: initializeCompiler
Cmd: initializeCompiler
Cmd: initializeCompiler
Cmd: initializeCompiler
Cmd: initializeCompiler
Cmd: compileComputeKernel
  api=4 insize=2953 outsize=457 ok=1
Cmd: initializeCompiler
Cmd: compileComputeKernel
  api=4 insize=2953 outsize=14929 ok=1
Cmd: initializeCompiler
Cmd: initializeCompiler
Cmd: initializeCompiler
Cmd: initializeCompiler
Cmd: initializeCompiler
Cmd: initializeCompiler
Cmd: compileComputeKernel
  api=4 insize=2955 outsize=14917 ok=1
Cmd: compileComputeKernel
  api=4 insize=2956 outsize=14881 ok=1
Cmd: initializeCompiler
Cmd: compileComputeKernel
  api=4 insize=2956 outsize=457 ok=1
Cmd: compileComputeKernel
  api=4 insize=2958 outsize=457 ok=1
Cmd: compileComputeKernel
  api=4 insize=2964 outsize=14789 ok=1
Cmd: initializeCompiler
Cmd: initializeCompiler
Cmd: initializeCompiler
Cmd: initializeCompiler
Cmd: initializeCompiler
Cmd: initializeCompiler
Cmd: initializeCompiler
Cmd: initializeCompiler
Cmd: initializeCompiler
Cmd: initializeCompiler
Cmd: initializeCompiler
Cmd: initializeCompiler
Cmd: initializeCompiler
Cmd: initializeCompiler
